/* Safe Exam Browser, Version 3.3.1 (x64), Build 3.3.1.388
/* Copyright © 2021 ETH Zürich, Educational Development and Technology (LET)
/* 
/* Please visit https://www.github.com/SafeExamBrowser for more information.

# Application started at yyyy-mm-dd hh:nn:ss.fff
# Running on Windows 10, Microsoft Windows NT 10.0.19043.0 (x64)
# Computer 'DESKTOP-1B2D3F4' is a Zenbook Pro 15 UX550 manufactured by Asus
# Runtime-ID: t3og8i0e-ffbh-tyai-ucw0-1hpbfmskimxs

yyyy-mm-dd hh:nn:ss.fff [04] - INFO: Initiating startup procedure...
yyyy-mm-dd hh:nn:ss.fff [04] - INFO: Loading text data...
yyyy-mm-dd hh:nn:ss.fff [04] - DEBUG: [Text] System language is 'pt', trying to load data...
yyyy-mm-dd hh:nn:ss.fff [04] - WARNING: [Text] Could not find data for language 'pt'! Loading default language 'en'...
yyyy-mm-dd hh:nn:ss.fff [04] - DEBUG: [Text] Data successfully loaded.
yyyy-mm-dd hh:nn:ss.fff [04] - INFO: Starting communication host...
yyyy-mm-dd hh:nn:ss.fff [09] - DEBUG: [RuntimeHost] Communication host is opening...
yyyy-mm-dd hh:nn:ss.fff [09] - DEBUG: [RuntimeHost] Communication host has been opened.
yyyy-mm-dd hh:nn:ss.fff [09] - DEBUG: [RuntimeHost] Successfully started communication host for endpoint 'net.pipe://localhost/safeexambrowser/runtime/9qkui1n7-p5om-5h0l-knqo-ptamv0zgqkl3'.
yyyy-mm-dd hh:nn:ss.fff [04] - INFO: Application successfully initialized.

yyyy-mm-dd hh:nn:ss.fff [04] - INFO: ### ------------------------------------ Session Start Procedure ------------------------------------- ###
yyyy-mm-dd hh:nn:ss.fff [04] - INFO: Initializing new session configuration...
yyyy-mm-dd hh:nn:ss.fff [04] - INFO:  -> Client-ID: fj5a1isi-hf72-g78s-489k-we2e4qkbc2k6
yyyy-mm-dd hh:nn:ss.fff [04] - INFO:  -> Runtime-ID: t3og8i0e-ffbh-tyai-ucw0-1hpbfmskimxs
yyyy-mm-dd hh:nn:ss.fff [04] - INFO:  -> Session-ID: bbo5oyva-b2ka-xrpt-vxjc-c83nfiee8g4p
yyyy-mm-dd hh:nn:ss.fff [04] - INFO: Initializing application configuration...
yyyy-mm-dd hh:nn:ss.fff [04] - INFO: Found configuration file in app data directory: 'file:///C:/Users/User/AppData/Roaming/SafeExamBrowser/SebClientSettings.seb'.
yyyy-mm-dd hh:nn:ss.fff [04] - INFO: [ConfigurationRepository] Attempting to load 'file:///C:/Users/User/AppData/Roaming/SafeExamBrowser/SebClientSettings.seb'...
yyyy-mm-dd hh:nn:ss.fff [04] - DEBUG: [FileResourceLoader] Can load 'file:///C:/Users/User/AppData/Roaming/SafeExamBrowser/SebClientSettings.seb' as it is an existing file.
yyyy-mm-dd hh:nn:ss.fff [04] - DEBUG: [FileResourceLoader] Loading data from 'file:///C:/Users/User/AppData/Roaming/SafeExamBrowser/SebClientSettings.seb'...
yyyy-mm-dd hh:nn:ss.fff [04] - DEBUG: [FileResourceLoader] Created 'System.IO.FileStream' for 3,213 KB data in 'file:///C:/Users/User/AppData/Roaming/SafeExamBrowser/SebClientSettings.seb'.
yyyy-mm-dd hh:nn:ss.fff [04] - INFO: [ConfigurationRepository] Tried to load data from 'file:///C:/Users/User/AppData/Roaming/SafeExamBrowser/SebClientSettings.seb' using FileResourceLoader -> Result: Success.
yyyy-mm-dd hh:nn:ss.fff [04] - DEBUG: [BinaryParser] 'System.IO.FileStream' starting with 'pwcc' matches the Binary format.
yyyy-mm-dd hh:nn:ss.fff [04] - DEBUG: [GZipCompressor] Starting decompression of 'System.IO.FileStream' with 3,213 KB data...
yyyy-mm-dd hh:nn:ss.fff [04] - DEBUG: [GZipCompressor] Successfully decompressed 3,213 KB to 3,19 KB data.
yyyy-mm-dd hh:nn:ss.fff [04] - DEBUG: [BinaryParser] Attempting to parse password block with prefix 'pwcc'...
yyyy-mm-dd hh:nn:ss.fff [04] - DEBUG: [PasswordEncryption] Parsing encryption header...
yyyy-mm-dd hh:nn:ss.fff [04] - DEBUG: [PasswordEncryption] Generating keys for authentication and decryption...
yyyy-mm-dd hh:nn:ss.fff [04] - DEBUG: [PasswordEncryption] Generating HMACs for authentication...
yyyy-mm-dd hh:nn:ss.fff [04] - DEBUG: [PasswordEncryption] Decrypting data...
yyyy-mm-dd hh:nn:ss.fff [04] - DEBUG: [GZipCompressor] Starting decompression of 'System.IO.MemoryStream' with 3,111 KB data...
yyyy-mm-dd hh:nn:ss.fff [04] - DEBUG: [GZipCompressor] Successfully decompressed 3,111 KB to 32,199 KB data.
yyyy-mm-dd hh:nn:ss.fff [04] - DEBUG: [BinaryParser] Attempting to parse plain data block...
yyyy-mm-dd hh:nn:ss.fff [04] - DEBUG: [XmlParser] Found root node, starting to parse data...
yyyy-mm-dd hh:nn:ss.fff [04] - DEBUG: [XmlParser] Finished parsing -> Result: Success.
yyyy-mm-dd hh:nn:ss.fff [04] - INFO: [ConfigurationRepository] Tried to parse data from 'System.IO.FileStream' using BinaryParser -> Result: Success.
yyyy-mm-dd hh:nn:ss.fff [04] - INFO: The configuration was successful.
yyyy-mm-dd hh:nn:ss.fff [04] - INFO: Remote proctoring is disabled, skipping disclaimer.
yyyy-mm-dd hh:nn:ss.fff [04] - INFO: Validating remote session policy...
yyyy-mm-dd hh:nn:ss.fff [04] - DEBUG: [RemoteSessionDetector] System appears not to be running in a remote session.
yyyy-mm-dd hh:nn:ss.fff [04] - INFO: Validating virtual machine policy...
yyyy-mm-dd hh:nn:ss.fff [04] - INFO: Validating display configuration...
yyyy-mm-dd hh:nn:ss.fff [04] - INFO: [DisplayMonitor] Detected active, internal display 'DISPLAY\LGD0340\4&1405857b&0&UID67568640_0' connected via 'Internal'.
yyyy-mm-dd hh:nn:ss.fff [04] - INFO: [DisplayMonitor] Detected 1 active displays, 1 are allowed.
yyyy-mm-dd hh:nn:ss.fff [04] - INFO: Display configuration is allowed.
yyyy-mm-dd hh:nn:ss.fff [04] - INFO: Initializing service...
yyyy-mm-dd hh:nn:ss.fff [04] - INFO: The service will be ignored for the next session.
yyyy-mm-dd hh:nn:ss.fff [04] - INFO: Initializing kiosk mode 'CreateNewDesktop'...
yyyy-mm-dd hh:nn:ss.fff [04] - DEBUG: [DesktopFactory] Found desktop handle for thread with ID = 11044. Attempting to get desktop name...
yyyy-mm-dd hh:nn:ss.fff [04] - DEBUG: [DesktopFactory] Successfully determined current desktop 'Default' [216].
yyyy-mm-dd hh:nn:ss.fff [04] - INFO: Current desktop is 'Default' [216].
yyyy-mm-dd hh:nn:ss.fff [04] - DEBUG: [DesktopFactory] Attempting to create new desktop 'SafeExamBrowser'...
yyyy-mm-dd hh:nn:ss.fff [04] - DEBUG: [DesktopFactory] Successfully created desktop 'SafeExamBrowser' [1320].
yyyy-mm-dd hh:nn:ss.fff [04] - INFO: Created new desktop 'SafeExamBrowser' [1320].
yyyy-mm-dd hh:nn:ss.fff [04] - INFO: Successfully activated new desktop.
yyyy-mm-dd hh:nn:ss.fff [04] - INFO: [DesktopMonitor] Started monitoring desktop 'SafeExamBrowser' [1320].
yyyy-mm-dd hh:nn:ss.fff [04] - INFO: Starting new client process...
yyyy-mm-dd hh:nn:ss.fff [04] - INFO: [ProcessFactory] Attempting to start process 'C:\Program Files\SafeExamBrowser\Application\SafeExamBrowser.Client.exe'...
yyyy-mm-dd hh:nn:ss.fff [04] - INFO: [ProcessFactory] Successfully started process 'C:\Program Files\SafeExamBrowser\Application\SafeExamBrowser.Client.exe' with ID = 8812.
yyyy-mm-dd hh:nn:ss.fff [04] - DEBUG: [Process 'SafeExamBrowser.Client.exe' (8812)] Initialized termination event.
yyyy-mm-dd hh:nn:ss.fff [04] - INFO: Waiting for client to complete initialization...
yyyy-mm-dd hh:nn:ss.fff [11] - DEBUG: [RuntimeHost] Received connection request with authentication token 'nk6ez1td-sx20-ydsl-30p6-9wytpmk9qfdp'.
yyyy-mm-dd hh:nn:ss.fff [11] - DEBUG: [RuntimeHost] Accepted connection request.
yyyy-mm-dd hh:nn:ss.fff [13] - DEBUG: [RuntimeHost] Received message 'SimpleMessage -> ConfigurationNeeded', sending response 'ConfigurationResponse'.
yyyy-mm-dd hh:nn:ss.fff [11] - DEBUG: [RuntimeHost] Received message 'SimpleMessage -> ClientIsReady', sending response 'SimpleResponse -> Acknowledged'.
yyyy-mm-dd hh:nn:ss.fff [04] - INFO: Client has been successfully started and initialized. Creating communication proxy for client host...
yyyy-mm-dd hh:nn:ss.fff [04] - DEBUG: [ClientProxy] Trying to connect to endpoint 'net.pipe://localhost/safeexambrowser/client/pfun2bhz-o9zu-5xmu-8l15-e0e1em661nvy' with authentication token 'nk6ez1td-sx20-ydsl-30p6-9wytpmk9qfdp'...
yyyy-mm-dd hh:nn:ss.fff [04] - DEBUG: [ClientProxy] Communication channel is opening...
yyyy-mm-dd hh:nn:ss.fff [04] - DEBUG: [ClientProxy] Communication channel has been opened.
yyyy-mm-dd hh:nn:ss.fff [04] - DEBUG: [ClientProxy] Connection was established.
yyyy-mm-dd hh:nn:ss.fff [04] - INFO: Connection with client has been established. Requesting authentication...
yyyy-mm-dd hh:nn:ss.fff [04] - DEBUG: [ClientProxy] Sending message 'SimpleMessage -> Authenticate'...
yyyy-mm-dd hh:nn:ss.fff [04] - DEBUG: [ClientProxy] Received response 'AuthenticationResponse' for message 'SimpleMessage -> Authenticate'.
yyyy-mm-dd hh:nn:ss.fff [04] - DEBUG: [ClientProxy] Received authentication response.
yyyy-mm-dd hh:nn:ss.fff [04] - INFO: Authentication of client has been successful, client is ready to operate.
yyyy-mm-dd hh:nn:ss.fff [04] - INFO: Successfully started new client instance.
yyyy-mm-dd hh:nn:ss.fff [04] - INFO: Successfully activated first session 'bbo5oyva-b2ka-xrpt-vxjc-c83nfiee8g4p'.
yyyy-mm-dd hh:nn:ss.fff [04] - INFO: ### ---------------------------------------- Session Running ----------------------------------------- ###
yyyy-mm-dd hh:nn:ss.fff [13] - INFO: Received shutdown request from the client application.
yyyy-mm-dd hh:nn:ss.fff [13] - DEBUG: [RuntimeHost] Received message 'SimpleMessage -> RequestShutdown', sending response 'SimpleResponse -> Acknowledged'.
yyyy-mm-dd hh:nn:ss.fff [15] - INFO: ### ------------------------------------- Session Stop Procedure ------------------------------------- ###
yyyy-mm-dd hh:nn:ss.fff [15] - INFO: Instructing client to initiate shutdown procedure.
yyyy-mm-dd hh:nn:ss.fff [15] - DEBUG: [ClientProxy] Sending message 'SimpleMessage -> Shutdown'...
yyyy-mm-dd hh:nn:ss.fff [15] - DEBUG: [ClientProxy] Received response 'SimpleResponse -> Acknowledged' for message 'SimpleMessage -> Shutdown'.
yyyy-mm-dd hh:nn:ss.fff [15] - DEBUG: [ClientProxy] Client acknowledged shutdown request.
yyyy-mm-dd hh:nn:ss.fff [15] - INFO: Disconnecting from client communication host.
yyyy-mm-dd hh:nn:ss.fff [15] - DEBUG: [ClientProxy] Communication channel is closing...
yyyy-mm-dd hh:nn:ss.fff [15] - DEBUG: [ClientProxy] Communication channel has been closed.
yyyy-mm-dd hh:nn:ss.fff [15] - DEBUG: [ClientProxy] Disconnected from 'net.pipe://localhost/safeexambrowser/client/pfun2bhz-o9zu-5xmu-8l15-e0e1em661nvy'.
yyyy-mm-dd hh:nn:ss.fff [15] - INFO: Waiting for client to disconnect from runtime communication host...
yyyy-mm-dd hh:nn:ss.fff [11] - DEBUG: [RuntimeHost] Received disconnection request with message 'DisconnectionMessage'.
yyyy-mm-dd hh:nn:ss.fff [15] - INFO: Waiting for client process to terminate...
yyyy-mm-dd hh:nn:ss.fff [12] - DEBUG: [Process 'SafeExamBrowser.Client.exe' (8812)] Process has terminated.
yyyy-mm-dd hh:nn:ss.fff [15] - INFO: Client has been successfully terminated.
yyyy-mm-dd hh:nn:ss.fff [15] - INFO: Reverting kiosk mode 'CreateNewDesktop'...
yyyy-mm-dd hh:nn:ss.fff [15] - INFO: [DesktopMonitor] Stopped monitoring desktop 'SafeExamBrowser' [1320].
yyyy-mm-dd hh:nn:ss.fff [15] - INFO: Switched back to original desktop 'Default' [216].
yyyy-mm-dd hh:nn:ss.fff [15] - INFO: Closed new desktop 'SafeExamBrowser' [1320].
yyyy-mm-dd hh:nn:ss.fff [15] - INFO: Finalizing service...
yyyy-mm-dd hh:nn:ss.fff [15] - INFO: ### --------------------------------------- Session Terminated --------------------------------------- ###

yyyy-mm-dd hh:nn:ss.fff [15] - INFO: Initiating shutdown procedure...
yyyy-mm-dd hh:nn:ss.fff [15] - INFO: Stopping communication host...
yyyy-mm-dd hh:nn:ss.fff [15] - DEBUG: [RuntimeHost] Communication host is closing...
yyyy-mm-dd hh:nn:ss.fff [15] - DEBUG: [RuntimeHost] Communication host has been closed.
yyyy-mm-dd hh:nn:ss.fff [15] - DEBUG: [RuntimeHost] Terminated communication host for endpoint 'net.pipe://localhost/safeexambrowser/runtime/9qkui1n7-p5om-5h0l-knqo-ptamv0zgqkl3'.
yyyy-mm-dd hh:nn:ss.fff [15] - INFO: Application successfully finalized.

# Application terminated at yyyy-mm-dd hh:nn:ss.fff
